<?xml version="1.0" encoding="UTF-8"?>
<robot generator="Robot 5.0.1 (Python 3.9.13 on linux)" generated="20220822 12:50:40.076" rpa="false" schemaversion="3">
<suite id="s1" name="Project2" source="/home/rcx/Documents/oprek/QA/robotFreamwork/1/Project2.robot">
<test id="s1-t1" name="Testing Looping part1" line="6">
<kw name="Testing Looping" library="Web2">
<for flavor="IN">
<var>${item}</var>
<value>@{list}</value>
<iter>
<var name="${item}">Create List</var>
<kw name="Log" library="BuiltIn">
<arg>${item}</arg>
<doc>Logs the given message with the given level.</doc>
<msg timestamp="20220822 12:50:40.098" level="INFO">Create List</msg>
<status status="PASS" starttime="20220822 12:50:40.097" endtime="20220822 12:50:40.098"/>
</kw>
<status status="PASS" starttime="20220822 12:50:40.097" endtime="20220822 12:50:40.098"/>
</iter>
<iter>
<var name="${item}">one</var>
<kw name="Log" library="BuiltIn">
<arg>${item}</arg>
<doc>Logs the given message with the given level.</doc>
<msg timestamp="20220822 12:50:40.098" level="INFO">one</msg>
<status status="PASS" starttime="20220822 12:50:40.098" endtime="20220822 12:50:40.098"/>
</kw>
<status status="PASS" starttime="20220822 12:50:40.098" endtime="20220822 12:50:40.098"/>
</iter>
<iter>
<var name="${item}">two</var>
<kw name="Log" library="BuiltIn">
<arg>${item}</arg>
<doc>Logs the given message with the given level.</doc>
<msg timestamp="20220822 12:50:40.098" level="INFO">two</msg>
<status status="PASS" starttime="20220822 12:50:40.098" endtime="20220822 12:50:40.098"/>
</kw>
<status status="PASS" starttime="20220822 12:50:40.098" endtime="20220822 12:50:40.098"/>
</iter>
<iter>
<var name="${item}">three</var>
<kw name="Log" library="BuiltIn">
<arg>${item}</arg>
<doc>Logs the given message with the given level.</doc>
<msg timestamp="20220822 12:50:40.099" level="INFO">three</msg>
<status status="PASS" starttime="20220822 12:50:40.099" endtime="20220822 12:50:40.099"/>
</kw>
<status status="PASS" starttime="20220822 12:50:40.099" endtime="20220822 12:50:40.099"/>
</iter>
<iter>
<var name="${item}">four</var>
<kw name="Log" library="BuiltIn">
<arg>${item}</arg>
<doc>Logs the given message with the given level.</doc>
<msg timestamp="20220822 12:50:40.099" level="INFO">four</msg>
<status status="PASS" starttime="20220822 12:50:40.099" endtime="20220822 12:50:40.099"/>
</kw>
<status status="PASS" starttime="20220822 12:50:40.099" endtime="20220822 12:50:40.099"/>
</iter>
<status status="PASS" starttime="20220822 12:50:40.097" endtime="20220822 12:50:40.099"/>
</for>
<status status="PASS" starttime="20220822 12:50:40.097" endtime="20220822 12:50:40.099"/>
</kw>
<doc>Testing Looping</doc>
<tag>Open1</tag>
<status status="PASS" starttime="20220822 12:50:40.096" endtime="20220822 12:50:40.100"/>
</test>
<test id="s1-t2" name="Testing Looping part2" line="11">
<kw name="Testing Looping2" library="Web2">
<for flavor="IN RANGE">
<var>${item}</var>
<value>10</value>
<iter>
<var name="${item}">0</var>
<kw name="Log" library="BuiltIn">
<arg>${item}</arg>
<doc>Logs the given message with the given level.</doc>
<msg timestamp="20220822 12:50:40.102" level="INFO">0</msg>
<status status="PASS" starttime="20220822 12:50:40.101" endtime="20220822 12:50:40.102"/>
</kw>
<status status="PASS" starttime="20220822 12:50:40.101" endtime="20220822 12:50:40.102"/>
</iter>
<iter>
<var name="${item}">1</var>
<kw name="Log" library="BuiltIn">
<arg>${item}</arg>
<doc>Logs the given message with the given level.</doc>
<msg timestamp="20220822 12:50:40.102" level="INFO">1</msg>
<status status="PASS" starttime="20220822 12:50:40.102" endtime="20220822 12:50:40.102"/>
</kw>
<status status="PASS" starttime="20220822 12:50:40.102" endtime="20220822 12:50:40.102"/>
</iter>
<iter>
<var name="${item}">2</var>
<kw name="Log" library="BuiltIn">
<arg>${item}</arg>
<doc>Logs the given message with the given level.</doc>
<msg timestamp="20220822 12:50:40.103" level="INFO">2</msg>
<status status="PASS" starttime="20220822 12:50:40.103" endtime="20220822 12:50:40.103"/>
</kw>
<status status="PASS" starttime="20220822 12:50:40.102" endtime="20220822 12:50:40.103"/>
</iter>
<iter>
<var name="${item}">3</var>
<kw name="Log" library="BuiltIn">
<arg>${item}</arg>
<doc>Logs the given message with the given level.</doc>
<msg timestamp="20220822 12:50:40.103" level="INFO">3</msg>
<status status="PASS" starttime="20220822 12:50:40.103" endtime="20220822 12:50:40.103"/>
</kw>
<status status="PASS" starttime="20220822 12:50:40.103" endtime="20220822 12:50:40.103"/>
</iter>
<iter>
<var name="${item}">4</var>
<kw name="Log" library="BuiltIn">
<arg>${item}</arg>
<doc>Logs the given message with the given level.</doc>
<msg timestamp="20220822 12:50:40.104" level="INFO">4</msg>
<status status="PASS" starttime="20220822 12:50:40.103" endtime="20220822 12:50:40.104"/>
</kw>
<status status="PASS" starttime="20220822 12:50:40.103" endtime="20220822 12:50:40.104"/>
</iter>
<iter>
<var name="${item}">5</var>
<kw name="Log" library="BuiltIn">
<arg>${item}</arg>
<doc>Logs the given message with the given level.</doc>
<msg timestamp="20220822 12:50:40.104" level="INFO">5</msg>
<status status="PASS" starttime="20220822 12:50:40.104" endtime="20220822 12:50:40.104"/>
</kw>
<status status="PASS" starttime="20220822 12:50:40.104" endtime="20220822 12:50:40.104"/>
</iter>
<iter>
<var name="${item}">6</var>
<kw name="Log" library="BuiltIn">
<arg>${item}</arg>
<doc>Logs the given message with the given level.</doc>
<msg timestamp="20220822 12:50:40.104" level="INFO">6</msg>
<status status="PASS" starttime="20220822 12:50:40.104" endtime="20220822 12:50:40.104"/>
</kw>
<status status="PASS" starttime="20220822 12:50:40.104" endtime="20220822 12:50:40.104"/>
</iter>
<iter>
<var name="${item}">7</var>
<kw name="Log" library="BuiltIn">
<arg>${item}</arg>
<doc>Logs the given message with the given level.</doc>
<msg timestamp="20220822 12:50:40.105" level="INFO">7</msg>
<status status="PASS" starttime="20220822 12:50:40.104" endtime="20220822 12:50:40.105"/>
</kw>
<status status="PASS" starttime="20220822 12:50:40.104" endtime="20220822 12:50:40.105"/>
</iter>
<iter>
<var name="${item}">8</var>
<kw name="Log" library="BuiltIn">
<arg>${item}</arg>
<doc>Logs the given message with the given level.</doc>
<msg timestamp="20220822 12:50:40.105" level="INFO">8</msg>
<status status="PASS" starttime="20220822 12:50:40.105" endtime="20220822 12:50:40.105"/>
</kw>
<status status="PASS" starttime="20220822 12:50:40.105" endtime="20220822 12:50:40.105"/>
</iter>
<iter>
<var name="${item}">9</var>
<kw name="Log" library="BuiltIn">
<arg>${item}</arg>
<doc>Logs the given message with the given level.</doc>
<msg timestamp="20220822 12:50:40.105" level="INFO">9</msg>
<status status="PASS" starttime="20220822 12:50:40.105" endtime="20220822 12:50:40.105"/>
</kw>
<status status="PASS" starttime="20220822 12:50:40.105" endtime="20220822 12:50:40.105"/>
</iter>
<status status="PASS" starttime="20220822 12:50:40.101" endtime="20220822 12:50:40.105"/>
</for>
<status status="PASS" starttime="20220822 12:50:40.101" endtime="20220822 12:50:40.105"/>
</kw>
<doc>Testing Looping2</doc>
<tag>Open2</tag>
<status status="PASS" starttime="20220822 12:50:40.100" endtime="20220822 12:50:40.106"/>
</test>
<test id="s1-t3" name="Testing Looping part3" line="16">
<kw name="Testing Looping3" library="Web2">
<for flavor="IN">
<var>${alpaku}</var>
<value>@{alpa}</value>
<iter>
<var name="${alpaku}">Create List</var>
<for flavor="IN">
<var>${numberku}</var>
<value>@{number}</value>
<iter>
<var name="${numberku}">Create List</var>
<kw name="Log" library="BuiltIn">
<arg>${alpaku}${numberku}</arg>
<doc>Logs the given message with the given level.</doc>
<msg timestamp="20220822 12:50:40.108" level="INFO">Create ListCreate List</msg>
<status status="PASS" starttime="20220822 12:50:40.108" endtime="20220822 12:50:40.108"/>
</kw>
<status status="PASS" starttime="20220822 12:50:40.108" endtime="20220822 12:50:40.109"/>
</iter>
<iter>
<var name="${numberku}">1</var>
<kw name="Log" library="BuiltIn">
<arg>${alpaku}${numberku}</arg>
<doc>Logs the given message with the given level.</doc>
<msg timestamp="20220822 12:50:40.109" level="INFO">Create List1</msg>
<status status="PASS" starttime="20220822 12:50:40.109" endtime="20220822 12:50:40.110"/>
</kw>
<status status="PASS" starttime="20220822 12:50:40.109" endtime="20220822 12:50:40.110"/>
</iter>
<iter>
<var name="${numberku}">2</var>
<kw name="Log" library="BuiltIn">
<arg>${alpaku}${numberku}</arg>
<doc>Logs the given message with the given level.</doc>
<msg timestamp="20220822 12:50:40.111" level="INFO">Create List2</msg>
<status status="PASS" starttime="20220822 12:50:40.110" endtime="20220822 12:50:40.111"/>
</kw>
<status status="PASS" starttime="20220822 12:50:40.110" endtime="20220822 12:50:40.111"/>
</iter>
<iter>
<var name="${numberku}">3</var>
<kw name="Log" library="BuiltIn">
<arg>${alpaku}${numberku}</arg>
<doc>Logs the given message with the given level.</doc>
<msg timestamp="20220822 12:50:40.111" level="INFO">Create List3</msg>
<status status="PASS" starttime="20220822 12:50:40.111" endtime="20220822 12:50:40.111"/>
</kw>
<status status="PASS" starttime="20220822 12:50:40.111" endtime="20220822 12:50:40.111"/>
</iter>
<status status="PASS" starttime="20220822 12:50:40.108" endtime="20220822 12:50:40.112"/>
</for>
<status status="PASS" starttime="20220822 12:50:40.107" endtime="20220822 12:50:40.112"/>
</iter>
<iter>
<var name="${alpaku}">a</var>
<for flavor="IN">
<var>${numberku}</var>
<value>@{number}</value>
<iter>
<var name="${numberku}">Create List</var>
<kw name="Log" library="BuiltIn">
<arg>${alpaku}${numberku}</arg>
<doc>Logs the given message with the given level.</doc>
<msg timestamp="20220822 12:50:40.112" level="INFO">aCreate List</msg>
<status status="PASS" starttime="20220822 12:50:40.112" endtime="20220822 12:50:40.112"/>
</kw>
<status status="PASS" starttime="20220822 12:50:40.112" endtime="20220822 12:50:40.112"/>
</iter>
<iter>
<var name="${numberku}">1</var>
<kw name="Log" library="BuiltIn">
<arg>${alpaku}${numberku}</arg>
<doc>Logs the given message with the given level.</doc>
<msg timestamp="20220822 12:50:40.113" level="INFO">a1</msg>
<status status="PASS" starttime="20220822 12:50:40.112" endtime="20220822 12:50:40.113"/>
</kw>
<status status="PASS" starttime="20220822 12:50:40.112" endtime="20220822 12:50:40.113"/>
</iter>
<iter>
<var name="${numberku}">2</var>
<kw name="Log" library="BuiltIn">
<arg>${alpaku}${numberku}</arg>
<doc>Logs the given message with the given level.</doc>
<msg timestamp="20220822 12:50:40.113" level="INFO">a2</msg>
<status status="PASS" starttime="20220822 12:50:40.113" endtime="20220822 12:50:40.113"/>
</kw>
<status status="PASS" starttime="20220822 12:50:40.113" endtime="20220822 12:50:40.113"/>
</iter>
<iter>
<var name="${numberku}">3</var>
<kw name="Log" library="BuiltIn">
<arg>${alpaku}${numberku}</arg>
<doc>Logs the given message with the given level.</doc>
<msg timestamp="20220822 12:50:40.113" level="INFO">a3</msg>
<status status="PASS" starttime="20220822 12:50:40.113" endtime="20220822 12:50:40.113"/>
</kw>
<status status="PASS" starttime="20220822 12:50:40.113" endtime="20220822 12:50:40.113"/>
</iter>
<status status="PASS" starttime="20220822 12:50:40.112" endtime="20220822 12:50:40.113"/>
</for>
<status status="PASS" starttime="20220822 12:50:40.112" endtime="20220822 12:50:40.113"/>
</iter>
<iter>
<var name="${alpaku}">b</var>
<for flavor="IN">
<var>${numberku}</var>
<value>@{number}</value>
<iter>
<var name="${numberku}">Create List</var>
<kw name="Log" library="BuiltIn">
<arg>${alpaku}${numberku}</arg>
<doc>Logs the given message with the given level.</doc>
<msg timestamp="20220822 12:50:40.114" level="INFO">bCreate List</msg>
<status status="PASS" starttime="20220822 12:50:40.114" endtime="20220822 12:50:40.114"/>
</kw>
<status status="PASS" starttime="20220822 12:50:40.114" endtime="20220822 12:50:40.114"/>
</iter>
<iter>
<var name="${numberku}">1</var>
<kw name="Log" library="BuiltIn">
<arg>${alpaku}${numberku}</arg>
<doc>Logs the given message with the given level.</doc>
<msg timestamp="20220822 12:50:40.115" level="INFO">b1</msg>
<status status="PASS" starttime="20220822 12:50:40.115" endtime="20220822 12:50:40.115"/>
</kw>
<status status="PASS" starttime="20220822 12:50:40.115" endtime="20220822 12:50:40.115"/>
</iter>
<iter>
<var name="${numberku}">2</var>
<kw name="Log" library="BuiltIn">
<arg>${alpaku}${numberku}</arg>
<doc>Logs the given message with the given level.</doc>
<msg timestamp="20220822 12:50:40.115" level="INFO">b2</msg>
<status status="PASS" starttime="20220822 12:50:40.115" endtime="20220822 12:50:40.115"/>
</kw>
<status status="PASS" starttime="20220822 12:50:40.115" endtime="20220822 12:50:40.115"/>
</iter>
<iter>
<var name="${numberku}">3</var>
<kw name="Log" library="BuiltIn">
<arg>${alpaku}${numberku}</arg>
<doc>Logs the given message with the given level.</doc>
<msg timestamp="20220822 12:50:40.116" level="INFO">b3</msg>
<status status="PASS" starttime="20220822 12:50:40.115" endtime="20220822 12:50:40.116"/>
</kw>
<status status="PASS" starttime="20220822 12:50:40.115" endtime="20220822 12:50:40.116"/>
</iter>
<status status="PASS" starttime="20220822 12:50:40.114" endtime="20220822 12:50:40.116"/>
</for>
<status status="PASS" starttime="20220822 12:50:40.114" endtime="20220822 12:50:40.116"/>
</iter>
<iter>
<var name="${alpaku}">c</var>
<for flavor="IN">
<var>${numberku}</var>
<value>@{number}</value>
<iter>
<var name="${numberku}">Create List</var>
<kw name="Log" library="BuiltIn">
<arg>${alpaku}${numberku}</arg>
<doc>Logs the given message with the given level.</doc>
<msg timestamp="20220822 12:50:40.116" level="INFO">cCreate List</msg>
<status status="PASS" starttime="20220822 12:50:40.116" endtime="20220822 12:50:40.116"/>
</kw>
<status status="PASS" starttime="20220822 12:50:40.116" endtime="20220822 12:50:40.116"/>
</iter>
<iter>
<var name="${numberku}">1</var>
<kw name="Log" library="BuiltIn">
<arg>${alpaku}${numberku}</arg>
<doc>Logs the given message with the given level.</doc>
<msg timestamp="20220822 12:50:40.117" level="INFO">c1</msg>
<status status="PASS" starttime="20220822 12:50:40.116" endtime="20220822 12:50:40.117"/>
</kw>
<status status="PASS" starttime="20220822 12:50:40.116" endtime="20220822 12:50:40.117"/>
</iter>
<iter>
<var name="${numberku}">2</var>
<kw name="Log" library="BuiltIn">
<arg>${alpaku}${numberku}</arg>
<doc>Logs the given message with the given level.</doc>
<msg timestamp="20220822 12:50:40.117" level="INFO">c2</msg>
<status status="PASS" starttime="20220822 12:50:40.117" endtime="20220822 12:50:40.117"/>
</kw>
<status status="PASS" starttime="20220822 12:50:40.117" endtime="20220822 12:50:40.117"/>
</iter>
<iter>
<var name="${numberku}">3</var>
<kw name="Log" library="BuiltIn">
<arg>${alpaku}${numberku}</arg>
<doc>Logs the given message with the given level.</doc>
<msg timestamp="20220822 12:50:40.117" level="INFO">c3</msg>
<status status="PASS" starttime="20220822 12:50:40.117" endtime="20220822 12:50:40.117"/>
</kw>
<status status="PASS" starttime="20220822 12:50:40.117" endtime="20220822 12:50:40.117"/>
</iter>
<status status="PASS" starttime="20220822 12:50:40.116" endtime="20220822 12:50:40.117"/>
</for>
<status status="PASS" starttime="20220822 12:50:40.116" endtime="20220822 12:50:40.117"/>
</iter>
<status status="PASS" starttime="20220822 12:50:40.107" endtime="20220822 12:50:40.117"/>
</for>
<status status="PASS" starttime="20220822 12:50:40.107" endtime="20220822 12:50:40.118"/>
</kw>
<doc>Testing Looping3</doc>
<tag>Open3</tag>
<status status="PASS" starttime="20220822 12:50:40.106" endtime="20220822 12:50:40.118"/>
</test>
<test id="s1-t4" name="Testing Looping part4" line="21">
<kw name="Testing Looping4" library="Web2">
<for flavor="IN RANGE">
<var>${i}</var>
<value>5</value>
<iter>
<var name="${i}">0</var>
<kw name="Exit For Loop If" library="BuiltIn">
<arg>${i} == 2</arg>
<doc>Stops executing the enclosing FOR loop if the ``condition`` is true.</doc>
<status status="PASS" starttime="20220822 12:50:40.121" endtime="20220822 12:50:40.121"/>
</kw>
<kw name="Log" library="BuiltIn">
<arg>${i}</arg>
<doc>Logs the given message with the given level.</doc>
<msg timestamp="20220822 12:50:40.122" level="INFO">0</msg>
<status status="PASS" starttime="20220822 12:50:40.121" endtime="20220822 12:50:40.122"/>
</kw>
<status status="PASS" starttime="20220822 12:50:40.120" endtime="20220822 12:50:40.122"/>
</iter>
<iter>
<var name="${i}">1</var>
<kw name="Exit For Loop If" library="BuiltIn">
<arg>${i} == 2</arg>
<doc>Stops executing the enclosing FOR loop if the ``condition`` is true.</doc>
<status status="PASS" starttime="20220822 12:50:40.122" endtime="20220822 12:50:40.122"/>
</kw>
<kw name="Log" library="BuiltIn">
<arg>${i}</arg>
<doc>Logs the given message with the given level.</doc>
<msg timestamp="20220822 12:50:40.123" level="INFO">1</msg>
<status status="PASS" starttime="20220822 12:50:40.123" endtime="20220822 12:50:40.123"/>
</kw>
<status status="PASS" starttime="20220822 12:50:40.122" endtime="20220822 12:50:40.123"/>
</iter>
<iter>
<var name="${i}">2</var>
<kw name="Exit For Loop If" library="BuiltIn">
<arg>${i} == 2</arg>
<doc>Stops executing the enclosing FOR loop if the ``condition`` is true.</doc>
<msg timestamp="20220822 12:50:40.124" level="INFO">Exiting for loop altogether.</msg>
<status status="PASS" starttime="20220822 12:50:40.123" endtime="20220822 12:50:40.125"/>
</kw>
<kw name="Log" library="BuiltIn">
<arg>${i}</arg>
<doc>Logs the given message with the given level.</doc>
<status status="NOT RUN" starttime="20220822 12:50:40.125" endtime="20220822 12:50:40.125"/>
</kw>
<status status="PASS" starttime="20220822 12:50:40.123" endtime="20220822 12:50:40.125"/>
</iter>
<status status="PASS" starttime="20220822 12:50:40.120" endtime="20220822 12:50:40.125"/>
</for>
<status status="PASS" starttime="20220822 12:50:40.120" endtime="20220822 12:50:40.125"/>
</kw>
<doc>Testing Looping4</doc>
<tag>Open4</tag>
<status status="PASS" starttime="20220822 12:50:40.119" endtime="20220822 12:50:40.125"/>
</test>
<test id="s1-t5" name="Testing Looping part5" line="26">
<kw name="Testing Looping5" library="Web2">
<for flavor="IN RANGE">
<var>${i}</var>
<value>5</value>
<iter>
<var name="${i}">0</var>
<kw name="Continue For Loop If" library="BuiltIn">
<arg>${i} == 2</arg>
<doc>Skips the current FOR loop iteration if the ``condition`` is true.</doc>
<status status="PASS" starttime="20220822 12:50:40.127" endtime="20220822 12:50:40.127"/>
</kw>
<kw name="Log" library="BuiltIn">
<arg>${i}</arg>
<doc>Logs the given message with the given level.</doc>
<msg timestamp="20220822 12:50:40.128" level="INFO">0</msg>
<status status="PASS" starttime="20220822 12:50:40.127" endtime="20220822 12:50:40.128"/>
</kw>
<status status="PASS" starttime="20220822 12:50:40.127" endtime="20220822 12:50:40.128"/>
</iter>
<iter>
<var name="${i}">1</var>
<kw name="Continue For Loop If" library="BuiltIn">
<arg>${i} == 2</arg>
<doc>Skips the current FOR loop iteration if the ``condition`` is true.</doc>
<status status="PASS" starttime="20220822 12:50:40.128" endtime="20220822 12:50:40.129"/>
</kw>
<kw name="Log" library="BuiltIn">
<arg>${i}</arg>
<doc>Logs the given message with the given level.</doc>
<msg timestamp="20220822 12:50:40.129" level="INFO">1</msg>
<status status="PASS" starttime="20220822 12:50:40.129" endtime="20220822 12:50:40.129"/>
</kw>
<status status="PASS" starttime="20220822 12:50:40.128" endtime="20220822 12:50:40.129"/>
</iter>
<iter>
<var name="${i}">2</var>
<kw name="Continue For Loop If" library="BuiltIn">
<arg>${i} == 2</arg>
<doc>Skips the current FOR loop iteration if the ``condition`` is true.</doc>
<msg timestamp="20220822 12:50:40.129" level="INFO">Continuing for loop from the next iteration.</msg>
<status status="PASS" starttime="20220822 12:50:40.129" endtime="20220822 12:50:40.130"/>
</kw>
<kw name="Log" library="BuiltIn">
<arg>${i}</arg>
<doc>Logs the given message with the given level.</doc>
<status status="NOT RUN" starttime="20220822 12:50:40.130" endtime="20220822 12:50:40.130"/>
</kw>
<status status="PASS" starttime="20220822 12:50:40.129" endtime="20220822 12:50:40.130"/>
</iter>
<iter>
<var name="${i}">3</var>
<kw name="Continue For Loop If" library="BuiltIn">
<arg>${i} == 2</arg>
<doc>Skips the current FOR loop iteration if the ``condition`` is true.</doc>
<status status="PASS" starttime="20220822 12:50:40.130" endtime="20220822 12:50:40.130"/>
</kw>
<kw name="Log" library="BuiltIn">
<arg>${i}</arg>
<doc>Logs the given message with the given level.</doc>
<msg timestamp="20220822 12:50:40.130" level="INFO">3</msg>
<status status="PASS" starttime="20220822 12:50:40.130" endtime="20220822 12:50:40.130"/>
</kw>
<status status="PASS" starttime="20220822 12:50:40.130" endtime="20220822 12:50:40.130"/>
</iter>
<iter>
<var name="${i}">4</var>
<kw name="Continue For Loop If" library="BuiltIn">
<arg>${i} == 2</arg>
<doc>Skips the current FOR loop iteration if the ``condition`` is true.</doc>
<status status="PASS" starttime="20220822 12:50:40.130" endtime="20220822 12:50:40.131"/>
</kw>
<kw name="Log" library="BuiltIn">
<arg>${i}</arg>
<doc>Logs the given message with the given level.</doc>
<msg timestamp="20220822 12:50:40.131" level="INFO">4</msg>
<status status="PASS" starttime="20220822 12:50:40.131" endtime="20220822 12:50:40.131"/>
</kw>
<status status="PASS" starttime="20220822 12:50:40.130" endtime="20220822 12:50:40.131"/>
</iter>
<status status="PASS" starttime="20220822 12:50:40.127" endtime="20220822 12:50:40.131"/>
</for>
<status status="PASS" starttime="20220822 12:50:40.126" endtime="20220822 12:50:40.131"/>
</kw>
<doc>Testing Looping5</doc>
<tag>Open5</tag>
<status status="PASS" starttime="20220822 12:50:40.126" endtime="20220822 12:50:40.131"/>
</test>
<status status="PASS" starttime="20220822 12:50:40.077" endtime="20220822 12:50:40.132"/>
</suite>
<statistics>
<total>
<stat pass="5" fail="0" skip="0">All Tests</stat>
</total>
<tag>
<stat pass="1" fail="0" skip="0">Open1</stat>
<stat pass="1" fail="0" skip="0">Open2</stat>
<stat pass="1" fail="0" skip="0">Open3</stat>
<stat pass="1" fail="0" skip="0">Open4</stat>
<stat pass="1" fail="0" skip="0">Open5</stat>
</tag>
<suite>
<stat pass="5" fail="0" skip="0" id="s1" name="Project2">Project2</stat>
</suite>
</statistics>
<errors>
</errors>
</robot>
